<?xml version="1.0" encoding="UTF-8"?>
<robot generator="Robot 6.0.2 (Python 3.11.3 on win32)" generated="20230509 21:47:28.273" rpa="false" schemaversion="3">
<suite id="s1" name="Students Api" source="c:\Users\virys\Desktop\robot_project_api\test_cases\students_api.robot">
<test id="s1-t1" name="Test01_Get single_student" line="11">
<kw name="Create Session" library="RequestsLibrary">
<arg>Mysession</arg>
<arg>${URL_base}</arg>
<doc>Create Session: create a HTTP session to a server</doc>
<msg timestamp="20230509 21:47:28.533" level="INFO">Creating Session using : alias=Mysession, url=http://thetestingworldapi.com, headers={},                     cookies={}, auth=None, timeout=None, proxies=None, verify=False,                     debug=0 </msg>
<status status="PASS" starttime="20230509 21:47:28.533" endtime="20230509 21:47:28.536"/>
</kw>
<kw name="GET On Session" library="RequestsLibrary">
<var>${reponse}</var>
<arg>Mysession</arg>
<arg>/api/studentsDetails/7478331</arg>
<doc>Sends a GET request on a previously created HTTP Session.</doc>
<msg timestamp="20230509 21:47:30.263" level="INFO">GET Request : url=http://thetestingworldapi.com/api/studentsDetails/7478331 (redirected) 
 path_url=/api/studentsDetails/7478331 
 headers={'User-Agent': 'python-requests/2.28.2', 'Accept-Encoding': 'gzip, deflate', 'Accept': '*/*', 'Connection': 'keep-alive'} 
 body=None 
 </msg>
<msg timestamp="20230509 21:47:30.263" level="INFO">GET Response : url=https://thetestingworldapi.com/api/studentsDetails/7478331 
 status=200, reason=OK 
 headers={'Cache-Control': 'no-cache', 'Pragma': 'no-cache', 'Content-Type': 'application/json; charset=utf-8', 'Expires': '-1', 'Server': 'Microsoft-IIS/10.0', 'X-AspNet-Version': '4.0.30319', 'X-Powered-By': 'ASP.NET', 'X-Powered-By-Plesk': 'PleskWin', 'Date': 'Wed, 10 May 2023 01:47:30 GMT', 'Content-Length': '130'} 
 body={"status":"true","data":{"id":7478331,"first_name":"test","middle_name":"qa","last_name":"automatisation","date_of_birth":"java"}} 
 </msg>
<msg timestamp="20230509 21:47:30.263" level="INFO">C:\Users\virys\AppData\Local\Programs\Python\Python311\Lib\site-packages\urllib3\connectionpool.py:1045: InsecureRequestWarning: Unverified HTTPS request is being made to host 'thetestingworldapi.com'. Adding certificate verification is strongly advised. See: https://urllib3.readthedocs.io/en/1.26.x/advanced-usage.html#ssl-warnings
  warnings.warn(</msg>
<msg timestamp="20230509 21:47:30.265" level="INFO">${reponse} = &lt;Response [200]&gt;</msg>
<status status="PASS" starttime="20230509 21:47:28.536" endtime="20230509 21:47:30.265"/>
</kw>
<kw name="Log" library="BuiltIn">
<arg>${reponse.status_code}</arg>
<doc>Logs the given message with the given level.</doc>
<msg timestamp="20230509 21:47:30.267" level="INFO">200</msg>
<status status="PASS" starttime="20230509 21:47:30.266" endtime="20230509 21:47:30.267"/>
</kw>
<kw name="Log" library="BuiltIn">
<arg>${reponse.content}</arg>
<doc>Logs the given message with the given level.</doc>
<msg timestamp="20230509 21:47:30.269" level="INFO">{"status":"true","data":{"id":7478331,"first_name":"test","middle_name":"qa","last_name":"automatisation","date_of_birth":"java"}}</msg>
<status status="PASS" starttime="20230509 21:47:30.268" endtime="20230509 21:47:30.269"/>
</kw>
<kw name="To Json" library="RequestsLibrary">
<var>${reponse_json}</var>
<arg>${reponse.content}</arg>
<doc>*DEPRECATED* Please use ${resp.json()} instead. Have a look at the improved HTML output as pretty printing replacement.</doc>
<msg timestamp="20230509 21:47:30.270" level="WARN">Keyword 'RequestsLibrary.To Json' is deprecated. Please use ${resp.json()} instead. Have a look at the improved HTML output as pretty printing replacement.</msg>
<msg timestamp="20230509 21:47:30.273" level="INFO">To JSON using : content={"status":"true","data":{"id":7478331,"first_name":"test","middle_name":"qa","last_name":"automatisation","date_of_birth":"java"}} </msg>
<msg timestamp="20230509 21:47:30.273" level="INFO">To JSON using : pretty_print=False </msg>
<msg timestamp="20230509 21:47:30.273" level="INFO">${reponse_json} = {'status': 'true', 'data': {'id': 7478331, 'first_name': 'test', 'middle_name': 'qa', 'last_name': 'automatisation', 'date_of_birth': 'java'}}</msg>
<status status="PASS" starttime="20230509 21:47:30.269" endtime="20230509 21:47:30.273"/>
</kw>
<kw name="Get Value From Json" library="JSONLibrary">
<var>@{firs_name_list}</var>
<arg>${reponse_json}</arg>
<arg>data.first_name</arg>
<doc>Get Value From JSON using JSONPath</doc>
<msg timestamp="20230509 21:47:30.316" level="INFO">@{firs_name_list} = [ test ]</msg>
<status status="PASS" starttime="20230509 21:47:30.274" endtime="20230509 21:47:30.316"/>
</kw>
<kw name="Get From List" library="Collections">
<var>${firs_name}</var>
<arg>${firs_name_list}</arg>
<arg>0</arg>
<doc>Returns the value specified with an ``index`` from ``list``.</doc>
<msg timestamp="20230509 21:47:30.318" level="INFO">${firs_name} = test</msg>
<status status="PASS" starttime="20230509 21:47:30.317" endtime="20230509 21:47:30.318"/>
</kw>
<kw name="Log" library="BuiltIn">
<arg>${firs_name}</arg>
<doc>Logs the given message with the given level.</doc>
<msg timestamp="20230509 21:47:30.319" level="INFO">test</msg>
<status status="PASS" starttime="20230509 21:47:30.319" endtime="20230509 21:47:30.320"/>
</kw>
<kw name="Should Be Equal As Strings" library="BuiltIn">
<arg>${firs_name}</arg>
<arg>test</arg>
<doc>Fails if objects are unequal after converting them to strings.</doc>
<status status="PASS" starttime="20230509 21:47:30.320" endtime="20230509 21:47:30.321"/>
</kw>
<kw name="Should Be Equal As Integers" library="BuiltIn">
<arg>${reponse.status_code}</arg>
<arg>2000</arg>
<doc>Fails if objects are unequal after converting them to integers.</doc>
<msg timestamp="20230509 21:47:30.349" level="INFO">Argument types are:
&lt;class 'int'&gt;
&lt;class 'str'&gt;</msg>
<msg timestamp="20230509 21:47:30.349" level="FAIL">200 != 2000</msg>
<status status="FAIL" starttime="20230509 21:47:30.348" endtime="20230509 21:47:30.350"/>
</kw>
<status status="FAIL" starttime="20230509 21:47:28.530" endtime="20230509 21:47:30.351">200 != 2000</status>
</test>
<status status="FAIL" starttime="20230509 21:47:28.282" endtime="20230509 21:47:30.354"/>
</suite>
<statistics>
<total>
<stat pass="0" fail="1" skip="0">All Tests</stat>
</total>
<tag>
</tag>
<suite>
<stat pass="0" fail="1" skip="0" id="s1" name="Students Api">Students Api</stat>
</suite>
</statistics>
<errors>
<msg timestamp="20230509 21:47:30.270" level="WARN">Keyword 'RequestsLibrary.To Json' is deprecated. Please use ${resp.json()} instead. Have a look at the improved HTML output as pretty printing replacement.</msg>
</errors>
</robot>
